c:\users\work\source\repos\templeofprimalevil\debug\vc142.pdb
c:\users\work\source\repos\templeofprimalevil\debug\vc142.idb
c:\users\work\source\repos\templeofprimalevil\debug\menu.obj
c:\users\work\source\repos\templeofprimalevil\debug\main.obj
c:\users\work\source\repos\templeofprimalevil\debug\junglefloor.obj
c:\users\work\source\repos\templeofprimalevil\debug\die.obj
c:\users\work\source\repos\templeofprimalevil\debug\space.obj
c:\users\work\source\repos\templeofprimalevil\debug\harrypotter.obj
c:\users\work\source\repos\templeofprimalevil\debug\character.obj
c:\users\work\source\repos\templeofprimalevil\debug\rumble.obj
c:\users\work\source\repos\templeofprimalevil\debug\queue.obj
c:\users\work\source\repos\templeofprimalevil\debug\templefoyer.obj
c:\users\work\source\repos\templeofprimalevil\debug\barbarian.obj
c:\users\work\source\repos\templeofprimalevil\debug\game.obj
c:\users\work\source\repos\templeofprimalevil\debug\shadowkey.obj
c:\users\work\source\repos\templeofprimalevil\debug\inventoryobject.obj
c:\users\work\source\repos\templeofprimalevil\debug\lairofthesphinx.obj
c:\users\work\source\repos\templeofprimalevil\debug\mightyseal.obj
c:\users\work\source\repos\templeofprimalevil\debug\amulet.obj
c:\users\work\source\repos\templeofprimalevil\debug\tombofthegravediggers.obj
c:\users\work\source\repos\templeofprimalevil\debug\subterraneanatrium.obj
c:\users\work\source\repos\templeofprimalevil\debug\focusinglens.obj
c:\users\work\source\repos\templeofprimalevil\debug\rest.obj
c:\users\work\source\repos\templeofprimalevil\debug\outside.obj
c:\users\work\source\repos\templeofprimalevil\debug\corridor.obj
c:\users\work\source\repos\templeofprimalevil\debug\chamber.obj
c:\users\work\source\repos\templeofprimalevil\debug\templeofprimalevil.exe
c:\users\work\source\repos\templeofprimalevil\debug\templeofprimalevil.ilk
c:\users\work\source\repos\templeofprimalevil\debug\templeofprimalevil.pdb
c:\users\work\source\repos\templeofprimalevil\debug\templeof.e53744dd.tlog\cl.command.1.tlog
c:\users\work\source\repos\templeofprimalevil\debug\templeof.e53744dd.tlog\cl.read.1.tlog
c:\users\work\source\repos\templeofprimalevil\debug\templeof.e53744dd.tlog\cl.write.1.tlog
c:\users\work\source\repos\templeofprimalevil\debug\templeof.e53744dd.tlog\link.command.1.tlog
c:\users\work\source\repos\templeofprimalevil\debug\templeof.e53744dd.tlog\link.read.1.tlog
c:\users\work\source\repos\templeofprimalevil\debug\templeof.e53744dd.tlog\link.write.1.tlog
